ARM GAS  C:\Users\kroko\AppData\Local\Temp\ccSlbNZB.s 			page 1


   1              		.cpu cortex-m4
   2              		.arch armv7e-m
   3              		.fpu fpv4-sp-d16
   4              		.eabi_attribute 27, 1
   5              		.eabi_attribute 28, 1
   6              		.eabi_attribute 20, 1
   7              		.eabi_attribute 21, 1
   8              		.eabi_attribute 23, 3
   9              		.eabi_attribute 24, 1
  10              		.eabi_attribute 25, 1
  11              		.eabi_attribute 26, 1
  12              		.eabi_attribute 30, 1
  13              		.eabi_attribute 34, 1
  14              		.eabi_attribute 18, 4
  15              		.file	"25flash.c"
  16              		.text
  17              	.Ltext0:
  18              		.cfi_sections	.debug_frame
  19              		.file 1 "Core/Src/25flash.c"
  20              		.section	.text.MX25FLASH_SPI_Write,"ax",%progbits
  21              		.align	1
  22              		.global	MX25FLASH_SPI_Write
  23              		.syntax unified
  24              		.thumb
  25              		.thumb_func
  27              	MX25FLASH_SPI_Write:
  28              	.LVL0:
  29              	.LFB239:
   1:Core/Src/25flash.c **** #include "25flash.h"
   2:Core/Src/25flash.c **** 
   3:Core/Src/25flash.c **** void MX25FLASH_SPI_Write (uint8_t *data, uint16_t len){
  30              		.loc 1 3 55 view -0
  31              		.cfi_startproc
  32              		@ args = 0, pretend = 0, frame = 0
  33              		@ frame_needed = 0, uses_anonymous_args = 0
  34              		.loc 1 3 55 is_stmt 0 view .LVU1
  35 0000 08B5     		push	{r3, lr}
  36              		.cfi_def_cfa_offset 8
  37              		.cfi_offset 3, -8
  38              		.cfi_offset 14, -4
  39 0002 0A46     		mov	r2, r1
   4:Core/Src/25flash.c **** 	HAL_SPI_Transmit(&FLASH_SPI, data, len, 2000);
  40              		.loc 1 4 2 is_stmt 1 view .LVU2
  41 0004 4FF4FA63 		mov	r3, #2000
  42 0008 0146     		mov	r1, r0
  43              	.LVL1:
  44              		.loc 1 4 2 is_stmt 0 view .LVU3
  45 000a 0248     		ldr	r0, .L3
  46              	.LVL2:
  47              		.loc 1 4 2 view .LVU4
  48 000c FFF7FEFF 		bl	HAL_SPI_Transmit
  49              	.LVL3:
   5:Core/Src/25flash.c **** }
  50              		.loc 1 5 1 view .LVU5
  51 0010 08BD     		pop	{r3, pc}
  52              	.L4:
  53 0012 00BF     		.align	2
ARM GAS  C:\Users\kroko\AppData\Local\Temp\ccSlbNZB.s 			page 2


  54              	.L3:
  55 0014 00000000 		.word	hspi1
  56              		.cfi_endproc
  57              	.LFE239:
  59              		.section	.text.MX25FLASH_SPI_Read,"ax",%progbits
  60              		.align	1
  61              		.global	MX25FLASH_SPI_Read
  62              		.syntax unified
  63              		.thumb
  64              		.thumb_func
  66              	MX25FLASH_SPI_Read:
  67              	.LVL4:
  68              	.LFB240:
   6:Core/Src/25flash.c **** 
   7:Core/Src/25flash.c **** HAL_StatusTypeDef MX25FLASH_SPI_Read (uint8_t *data, uint16_t len){
  69              		.loc 1 7 67 is_stmt 1 view -0
  70              		.cfi_startproc
  71              		@ args = 0, pretend = 0, frame = 0
  72              		@ frame_needed = 0, uses_anonymous_args = 0
  73              		.loc 1 7 67 is_stmt 0 view .LVU7
  74 0000 08B5     		push	{r3, lr}
  75              		.cfi_def_cfa_offset 8
  76              		.cfi_offset 3, -8
  77              		.cfi_offset 14, -4
  78 0002 0A46     		mov	r2, r1
   8:Core/Src/25flash.c **** 	return HAL_SPI_Receive(&FLASH_SPI, data, len, 5000);
  79              		.loc 1 8 2 is_stmt 1 view .LVU8
  80              		.loc 1 8 9 is_stmt 0 view .LVU9
  81 0004 41F28833 		movw	r3, #5000
  82 0008 0146     		mov	r1, r0
  83              	.LVL5:
  84              		.loc 1 8 9 view .LVU10
  85 000a 0248     		ldr	r0, .L7
  86              	.LVL6:
  87              		.loc 1 8 9 view .LVU11
  88 000c FFF7FEFF 		bl	HAL_SPI_Receive
  89              	.LVL7:
   9:Core/Src/25flash.c **** }
  90              		.loc 1 9 1 view .LVU12
  91 0010 08BD     		pop	{r3, pc}
  92              	.L8:
  93 0012 00BF     		.align	2
  94              	.L7:
  95 0014 00000000 		.word	hspi1
  96              		.cfi_endproc
  97              	.LFE240:
  99              		.section	.text.MX25FLASH_Reset,"ax",%progbits
 100              		.align	1
 101              		.global	MX25FLASH_Reset
 102              		.syntax unified
 103              		.thumb
 104              		.thumb_func
 106              	MX25FLASH_Reset:
 107              	.LFB241:
  10:Core/Src/25flash.c **** 
  11:Core/Src/25flash.c **** void MX25FLASH_Reset(void){
 108              		.loc 1 11 27 is_stmt 1 view -0
ARM GAS  C:\Users\kroko\AppData\Local\Temp\ccSlbNZB.s 			page 3


 109              		.cfi_startproc
 110              		@ args = 0, pretend = 0, frame = 8
 111              		@ frame_needed = 0, uses_anonymous_args = 0
 112 0000 10B5     		push	{r4, lr}
 113              		.cfi_def_cfa_offset 8
 114              		.cfi_offset 4, -8
 115              		.cfi_offset 14, -4
 116 0002 82B0     		sub	sp, sp, #8
 117              		.cfi_def_cfa_offset 16
  12:Core/Src/25flash.c **** 	uint8_t tData[2];
 118              		.loc 1 12 2 view .LVU14
  13:Core/Src/25flash.c **** 
  14:Core/Src/25flash.c **** 	tData[0] = 0x66;  // enable Reset
 119              		.loc 1 14 2 view .LVU15
 120              		.loc 1 14 11 is_stmt 0 view .LVU16
 121 0004 6623     		movs	r3, #102
 122 0006 8DF80430 		strb	r3, [sp, #4]
  15:Core/Src/25flash.c **** 	tData[1] = 0x99;  // Reset
 123              		.loc 1 15 2 is_stmt 1 view .LVU17
 124              		.loc 1 15 11 is_stmt 0 view .LVU18
 125 000a 9923     		movs	r3, #153
 126 000c 8DF80530 		strb	r3, [sp, #5]
  16:Core/Src/25flash.c ****     FLASH_CS_LOW();
 127              		.loc 1 16 5 is_stmt 1 view .LVU19
 128 0010 094C     		ldr	r4, .L11
 129 0012 0022     		movs	r2, #0
 130 0014 1021     		movs	r1, #16
 131 0016 2046     		mov	r0, r4
 132 0018 FFF7FEFF 		bl	HAL_GPIO_WritePin
 133              	.LVL8:
  17:Core/Src/25flash.c **** 	MX25FLASH_SPI_Write(tData, 2);
 134              		.loc 1 17 2 view .LVU20
 135 001c 0221     		movs	r1, #2
 136 001e 01A8     		add	r0, sp, #4
 137 0020 FFF7FEFF 		bl	MX25FLASH_SPI_Write
 138              	.LVL9:
  18:Core/Src/25flash.c **** 	FLASH_CS_HIGH(); // pull the HIGH
 139              		.loc 1 18 2 view .LVU21
 140 0024 0122     		movs	r2, #1
 141 0026 1021     		movs	r1, #16
 142 0028 2046     		mov	r0, r4
 143 002a FFF7FEFF 		bl	HAL_GPIO_WritePin
 144              	.LVL10:
  19:Core/Src/25flash.c ****     HAL_Delay(100);
 145              		.loc 1 19 5 view .LVU22
 146 002e 6420     		movs	r0, #100
 147 0030 FFF7FEFF 		bl	HAL_Delay
 148              	.LVL11:
  20:Core/Src/25flash.c **** }
 149              		.loc 1 20 1 is_stmt 0 view .LVU23
 150 0034 02B0     		add	sp, sp, #8
 151              		.cfi_def_cfa_offset 8
 152              		@ sp needed
 153 0036 10BD     		pop	{r4, pc}
 154              	.L12:
 155              		.align	2
 156              	.L11:
ARM GAS  C:\Users\kroko\AppData\Local\Temp\ccSlbNZB.s 			page 4


 157 0038 00080240 		.word	1073874944
 158              		.cfi_endproc
 159              	.LFE241:
 161              		.section	.text.MX25FLASH_ReadID,"ax",%progbits
 162              		.align	1
 163              		.global	MX25FLASH_ReadID
 164              		.syntax unified
 165              		.thumb
 166              		.thumb_func
 168              	MX25FLASH_ReadID:
 169              	.LFB242:
  21:Core/Src/25flash.c **** 
  22:Core/Src/25flash.c **** uint32_t MX25FLASH_ReadID(void){
 170              		.loc 1 22 32 is_stmt 1 view -0
 171              		.cfi_startproc
 172              		@ args = 0, pretend = 0, frame = 8
 173              		@ frame_needed = 0, uses_anonymous_args = 0
 174 0000 10B5     		push	{r4, lr}
 175              		.cfi_def_cfa_offset 8
 176              		.cfi_offset 4, -8
 177              		.cfi_offset 14, -4
 178 0002 82B0     		sub	sp, sp, #8
 179              		.cfi_def_cfa_offset 16
  23:Core/Src/25flash.c **** 	uint8_t tData = 0x9f;  // Read ID
 180              		.loc 1 23 2 view .LVU25
 181              		.loc 1 23 10 is_stmt 0 view .LVU26
 182 0004 9F23     		movs	r3, #159
 183 0006 8DF80730 		strb	r3, [sp, #7]
  24:Core/Src/25flash.c **** 	uint8_t rData[3];
 184              		.loc 1 24 2 is_stmt 1 view .LVU27
  25:Core/Src/25flash.c **** 	FLASH_CS_LOW();  // pull the CS LOW
 185              		.loc 1 25 2 view .LVU28
 186 000a 104C     		ldr	r4, .L15
 187 000c 0022     		movs	r2, #0
 188 000e 1021     		movs	r1, #16
 189 0010 2046     		mov	r0, r4
 190 0012 FFF7FEFF 		bl	HAL_GPIO_WritePin
 191              	.LVL12:
  26:Core/Src/25flash.c **** 	MX25FLASH_SPI_Write(&tData, 1);
 192              		.loc 1 26 2 view .LVU29
 193 0016 0121     		movs	r1, #1
 194 0018 0DF10700 		add	r0, sp, #7
 195 001c FFF7FEFF 		bl	MX25FLASH_SPI_Write
 196              	.LVL13:
  27:Core/Src/25flash.c **** 	MX25FLASH_SPI_Read(rData, 3);
 197              		.loc 1 27 2 view .LVU30
 198 0020 0321     		movs	r1, #3
 199 0022 01A8     		add	r0, sp, #4
 200 0024 FFF7FEFF 		bl	MX25FLASH_SPI_Read
 201              	.LVL14:
  28:Core/Src/25flash.c **** 	FLASH_CS_HIGH();  // pull the HIGH
 202              		.loc 1 28 2 view .LVU31
 203 0028 0122     		movs	r2, #1
 204 002a 1021     		movs	r1, #16
 205 002c 2046     		mov	r0, r4
 206 002e FFF7FEFF 		bl	HAL_GPIO_WritePin
 207              	.LVL15:
ARM GAS  C:\Users\kroko\AppData\Local\Temp\ccSlbNZB.s 			page 5


  29:Core/Src/25flash.c **** 	return ((rData[0]<<16)|(rData[1]<<8)|rData[2]); // MFN ID : MEM ID : CAPACITY ID
 208              		.loc 1 29 2 view .LVU32
 209              		.loc 1 29 16 is_stmt 0 view .LVU33
 210 0032 9DF80420 		ldrb	r2, [sp, #4]	@ zero_extendqisi2
 211              		.loc 1 29 31 view .LVU34
 212 0036 9DF80530 		ldrb	r3, [sp, #5]	@ zero_extendqisi2
 213              		.loc 1 29 34 view .LVU35
 214 003a 1B02     		lsls	r3, r3, #8
 215              		.loc 1 29 24 view .LVU36
 216 003c 43EA0243 		orr	r3, r3, r2, lsl #16
 217              		.loc 1 29 44 view .LVU37
 218 0040 9DF80600 		ldrb	r0, [sp, #6]	@ zero_extendqisi2
  30:Core/Src/25flash.c **** }
 219              		.loc 1 30 1 view .LVU38
 220 0044 1843     		orrs	r0, r0, r3
 221 0046 02B0     		add	sp, sp, #8
 222              		.cfi_def_cfa_offset 8
 223              		@ sp needed
 224 0048 10BD     		pop	{r4, pc}
 225              	.L16:
 226 004a 00BF     		.align	2
 227              	.L15:
 228 004c 00080240 		.word	1073874944
 229              		.cfi_endproc
 230              	.LFE242:
 232              		.section	.text.MX25FLASH_Read,"ax",%progbits
 233              		.align	1
 234              		.global	MX25FLASH_Read
 235              		.syntax unified
 236              		.thumb
 237              		.thumb_func
 239              	MX25FLASH_Read:
 240              	.LVL16:
 241              	.LFB243:
  31:Core/Src/25flash.c **** 
  32:Core/Src/25flash.c **** uint8_t MX25FLASH_Read(uint32_t address){
 242              		.loc 1 32 41 is_stmt 1 view -0
 243              		.cfi_startproc
 244              		@ args = 0, pretend = 0, frame = 8
 245              		@ frame_needed = 0, uses_anonymous_args = 0
 246              		.loc 1 32 41 is_stmt 0 view .LVU40
 247 0000 10B5     		push	{r4, lr}
 248              		.cfi_def_cfa_offset 8
 249              		.cfi_offset 4, -8
 250              		.cfi_offset 14, -4
 251 0002 82B0     		sub	sp, sp, #8
 252              		.cfi_def_cfa_offset 16
  33:Core/Src/25flash.c ****     uint8_t tData[4];
 253              		.loc 1 33 5 is_stmt 1 view .LVU41
  34:Core/Src/25flash.c **** 	tData[0] = 0x03;
 254              		.loc 1 34 2 view .LVU42
 255              		.loc 1 34 11 is_stmt 0 view .LVU43
 256 0004 0323     		movs	r3, #3
 257 0006 8DF80430 		strb	r3, [sp, #4]
  35:Core/Src/25flash.c ****     tData[1] = (address >> 16) & 0xFF;  // Most significant byte
 258              		.loc 1 35 5 is_stmt 1 view .LVU44
 259              		.loc 1 35 25 is_stmt 0 view .LVU45
ARM GAS  C:\Users\kroko\AppData\Local\Temp\ccSlbNZB.s 			page 6


 260 000a 030C     		lsrs	r3, r0, #16
 261              		.loc 1 35 14 view .LVU46
 262 000c 8DF80530 		strb	r3, [sp, #5]
  36:Core/Src/25flash.c ****     tData[2] = (address >> 8) & 0xFF;
 263              		.loc 1 36 5 is_stmt 1 view .LVU47
 264              		.loc 1 36 25 is_stmt 0 view .LVU48
 265 0010 030A     		lsrs	r3, r0, #8
 266              		.loc 1 36 14 view .LVU49
 267 0012 8DF80630 		strb	r3, [sp, #6]
  37:Core/Src/25flash.c ****     tData[3] = address & 0xFF;          // Least significant byte
 268              		.loc 1 37 5 is_stmt 1 view .LVU50
 269              		.loc 1 37 14 is_stmt 0 view .LVU51
 270 0016 8DF80700 		strb	r0, [sp, #7]
  38:Core/Src/25flash.c **** 	uint8_t rData[1];
 271              		.loc 1 38 2 is_stmt 1 view .LVU52
  39:Core/Src/25flash.c **** 	FLASH_CS_LOW();  // pull the CS LOW
 272              		.loc 1 39 2 view .LVU53
 273 001a 0C4C     		ldr	r4, .L19
 274 001c 0022     		movs	r2, #0
 275 001e 1021     		movs	r1, #16
 276 0020 2046     		mov	r0, r4
 277              	.LVL17:
 278              		.loc 1 39 2 is_stmt 0 view .LVU54
 279 0022 FFF7FEFF 		bl	HAL_GPIO_WritePin
 280              	.LVL18:
  40:Core/Src/25flash.c ****     MX25FLASH_SPI_Write(tData, 4);
 281              		.loc 1 40 5 is_stmt 1 view .LVU55
 282 0026 0421     		movs	r1, #4
 283 0028 0DEB0100 		add	r0, sp, r1
 284 002c FFF7FEFF 		bl	MX25FLASH_SPI_Write
 285              	.LVL19:
  41:Core/Src/25flash.c **** 	MX25FLASH_SPI_Read(rData, 1);
 286              		.loc 1 41 2 view .LVU56
 287 0030 0121     		movs	r1, #1
 288 0032 6846     		mov	r0, sp
 289 0034 FFF7FEFF 		bl	MX25FLASH_SPI_Read
 290              	.LVL20:
  42:Core/Src/25flash.c **** 	FLASH_CS_HIGH();  // pull the HIGH
 291              		.loc 1 42 2 view .LVU57
 292 0038 0122     		movs	r2, #1
 293 003a 1021     		movs	r1, #16
 294 003c 2046     		mov	r0, r4
 295 003e FFF7FEFF 		bl	HAL_GPIO_WritePin
 296              	.LVL21:
  43:Core/Src/25flash.c ****     return rData[0];
 297              		.loc 1 43 5 view .LVU58
  44:Core/Src/25flash.c **** }
 298              		.loc 1 44 1 is_stmt 0 view .LVU59
 299 0042 9DF80000 		ldrb	r0, [sp]	@ zero_extendqisi2
 300 0046 02B0     		add	sp, sp, #8
 301              		.cfi_def_cfa_offset 8
 302              		@ sp needed
 303 0048 10BD     		pop	{r4, pc}
 304              	.L20:
 305 004a 00BF     		.align	2
 306              	.L19:
 307 004c 00080240 		.word	1073874944
ARM GAS  C:\Users\kroko\AppData\Local\Temp\ccSlbNZB.s 			page 7


 308              		.cfi_endproc
 309              	.LFE243:
 311              		.section	.text.MX25FLASH_WE,"ax",%progbits
 312              		.align	1
 313              		.global	MX25FLASH_WE
 314              		.syntax unified
 315              		.thumb
 316              		.thumb_func
 318              	MX25FLASH_WE:
 319              	.LFB245:
  45:Core/Src/25flash.c **** 
  46:Core/Src/25flash.c **** void MX25FLASH_Program_Page(uint16_t page, uint8_t data[256]){
  47:Core/Src/25flash.c **** 	MX25FLASH_WE();
  48:Core/Src/25flash.c ****     uint8_t tData[260];
  49:Core/Src/25flash.c **** 	uint32_t address = page * 0x100;
  50:Core/Src/25flash.c **** 	tData[0] = 0x02;
  51:Core/Src/25flash.c ****     tData[1] = (address >> 16) & 0xFF;  // Most significant byte
  52:Core/Src/25flash.c ****     tData[2] = (address >> 8) & 0xFF;
  53:Core/Src/25flash.c ****     tData[3] = address & 0xFF;          // Least significant byte
  54:Core/Src/25flash.c **** 	memcpy(&tData[4], data, 256); 
  55:Core/Src/25flash.c **** 	FLASH_CS_LOW();  // pull the CS LOW
  56:Core/Src/25flash.c ****     MX25FLASH_SPI_Write(tData, 260);
  57:Core/Src/25flash.c **** 	FLASH_CS_HIGH();  // pull the HIGH
  58:Core/Src/25flash.c **** 	MX25FLASH_WFE();
  59:Core/Src/25flash.c **** }
  60:Core/Src/25flash.c **** 
  61:Core/Src/25flash.c **** void MX25FLASH_WE(void){
 320              		.loc 1 61 24 is_stmt 1 view -0
 321              		.cfi_startproc
 322              		@ args = 0, pretend = 0, frame = 8
 323              		@ frame_needed = 0, uses_anonymous_args = 0
 324 0000 10B5     		push	{r4, lr}
 325              		.cfi_def_cfa_offset 8
 326              		.cfi_offset 4, -8
 327              		.cfi_offset 14, -4
 328 0002 82B0     		sub	sp, sp, #8
 329              		.cfi_def_cfa_offset 16
  62:Core/Src/25flash.c ****     uint8_t cmd = 0x06;
 330              		.loc 1 62 5 view .LVU61
 331              		.loc 1 62 13 is_stmt 0 view .LVU62
 332 0004 0623     		movs	r3, #6
 333 0006 8DF80730 		strb	r3, [sp, #7]
  63:Core/Src/25flash.c ****     FLASH_CS_LOW();
 334              		.loc 1 63 5 is_stmt 1 view .LVU63
 335 000a 094C     		ldr	r4, .L23
 336 000c 0022     		movs	r2, #0
 337 000e 1021     		movs	r1, #16
 338 0010 2046     		mov	r0, r4
 339 0012 FFF7FEFF 		bl	HAL_GPIO_WritePin
 340              	.LVL22:
  64:Core/Src/25flash.c ****     MX25FLASH_SPI_Write(&cmd, 1);
 341              		.loc 1 64 5 view .LVU64
 342 0016 0121     		movs	r1, #1
 343 0018 0DF10700 		add	r0, sp, #7
 344 001c FFF7FEFF 		bl	MX25FLASH_SPI_Write
 345              	.LVL23:
  65:Core/Src/25flash.c ****     FLASH_CS_HIGH();
ARM GAS  C:\Users\kroko\AppData\Local\Temp\ccSlbNZB.s 			page 8


 346              		.loc 1 65 5 view .LVU65
 347 0020 0122     		movs	r2, #1
 348 0022 1021     		movs	r1, #16
 349 0024 2046     		mov	r0, r4
 350 0026 FFF7FEFF 		bl	HAL_GPIO_WritePin
 351              	.LVL24:
  66:Core/Src/25flash.c **** }
 352              		.loc 1 66 1 is_stmt 0 view .LVU66
 353 002a 02B0     		add	sp, sp, #8
 354              		.cfi_def_cfa_offset 8
 355              		@ sp needed
 356 002c 10BD     		pop	{r4, pc}
 357              	.L24:
 358 002e 00BF     		.align	2
 359              	.L23:
 360 0030 00080240 		.word	1073874944
 361              		.cfi_endproc
 362              	.LFE245:
 364              		.section	.text.MX25FLASH_Read_LogBlock,"ax",%progbits
 365              		.align	1
 366              		.global	MX25FLASH_Read_LogBlock
 367              		.syntax unified
 368              		.thumb
 369              		.thumb_func
 371              	MX25FLASH_Read_LogBlock:
 372              	.LVL25:
 373              	.LFB248:
  67:Core/Src/25flash.c **** 
  68:Core/Src/25flash.c **** uint8_t MX25FLASH_Sector_Erase(uint32_t sector){
  69:Core/Src/25flash.c **** 	MX25FLASH_WE();
  70:Core/Src/25flash.c ****     uint8_t cmd[4];
  71:Core/Src/25flash.c ****     cmd[0] = 0x20;  // 4KB Sector Erase
  72:Core/Src/25flash.c ****     cmd[1] = (sector >> 16) & 0xFF;
  73:Core/Src/25flash.c ****     cmd[2] = (sector >> 8) & 0xFF;
  74:Core/Src/25flash.c ****     cmd[3] = sector & 0xFF;
  75:Core/Src/25flash.c **** 
  76:Core/Src/25flash.c ****     FLASH_CS_LOW();
  77:Core/Src/25flash.c ****     MX25FLASH_SPI_Write(cmd, 4);
  78:Core/Src/25flash.c ****     FLASH_CS_HIGH();
  79:Core/Src/25flash.c **** 	return MX25FLASH_WFE();
  80:Core/Src/25flash.c **** }
  81:Core/Src/25flash.c **** 
  82:Core/Src/25flash.c **** uint8_t MX25FLASH_Program_Sector(uint32_t sector, uint8_t *data){
  83:Core/Src/25flash.c ****     MX25FLASH_WE();
  84:Core/Src/25flash.c ****     for (uint8_t pg = 0; pg < 16; pg++){
  85:Core/Src/25flash.c ****         uint8_t tData[260];
  86:Core/Src/25flash.c ****         uint32_t address = sector*0x1000 + pg * 0x100;
  87:Core/Src/25flash.c ****         tData[0] = 0x02;
  88:Core/Src/25flash.c ****         tData[1] = (address >> 16) & 0xFF;  // Most significant byte
  89:Core/Src/25flash.c ****         tData[2] = (address >> 8) & 0xFF;
  90:Core/Src/25flash.c ****         tData[3] = address & 0xFF;          // Least significant byte
  91:Core/Src/25flash.c ****         memcpy(&tData[4], &data[pg*256], 256); 
  92:Core/Src/25flash.c ****         FLASH_CS_LOW();  // pull the CS LOW
  93:Core/Src/25flash.c ****         MX25FLASH_SPI_Write(tData, 260);
  94:Core/Src/25flash.c ****         FLASH_CS_HIGH();  // pull the HIGH
  95:Core/Src/25flash.c ****     }
  96:Core/Src/25flash.c ****     return MX25FLASH_WFE();
ARM GAS  C:\Users\kroko\AppData\Local\Temp\ccSlbNZB.s 			page 9


  97:Core/Src/25flash.c **** }
  98:Core/Src/25flash.c **** 
  99:Core/Src/25flash.c **** void MX25FLASH_Read_LogBlock(uint32_t sector, uint8_t *data){
 374              		.loc 1 99 61 is_stmt 1 view -0
 375              		.cfi_startproc
 376              		@ args = 0, pretend = 0, frame = 0
 377              		@ frame_needed = 0, uses_anonymous_args = 0
 378              		.loc 1 99 61 is_stmt 0 view .LVU68
 379 0000 70B5     		push	{r4, r5, r6, lr}
 380              		.cfi_def_cfa_offset 16
 381              		.cfi_offset 4, -16
 382              		.cfi_offset 5, -12
 383              		.cfi_offset 6, -8
 384              		.cfi_offset 14, -4
 385 0002 0646     		mov	r6, r0
 386 0004 0D46     		mov	r5, r1
 100:Core/Src/25flash.c ****     for (uint32_t addr = 0; addr < 512; addr++){
 387              		.loc 1 100 5 is_stmt 1 view .LVU69
 388              	.LBB2:
 389              		.loc 1 100 10 view .LVU70
 390              	.LVL26:
 391              		.loc 1 100 19 is_stmt 0 view .LVU71
 392 0006 0024     		movs	r4, #0
 393              		.loc 1 100 5 view .LVU72
 394 0008 05E0     		b	.L26
 395              	.LVL27:
 396              	.L27:
 101:Core/Src/25flash.c ****         data[addr] = MX25FLASH_Read(sector*0x200+addr);
 397              		.loc 1 101 9 is_stmt 1 view .LVU73
 398              		.loc 1 101 22 is_stmt 0 view .LVU74
 399 000a 04EB4620 		add	r0, r4, r6, lsl #9
 400 000e FFF7FEFF 		bl	MX25FLASH_Read
 401              	.LVL28:
 402              		.loc 1 101 20 discriminator 1 view .LVU75
 403 0012 2855     		strb	r0, [r5, r4]
 100:Core/Src/25flash.c ****     for (uint32_t addr = 0; addr < 512; addr++){
 404              		.loc 1 100 45 is_stmt 1 discriminator 3 view .LVU76
 405 0014 0134     		adds	r4, r4, #1
 406              	.LVL29:
 407              	.L26:
 100:Core/Src/25flash.c ****     for (uint32_t addr = 0; addr < 512; addr++){
 408              		.loc 1 100 34 discriminator 1 view .LVU77
 409 0016 B4F5007F 		cmp	r4, #512
 410 001a F6D3     		bcc	.L27
 411              	.LBE2:
 102:Core/Src/25flash.c ****     }
 103:Core/Src/25flash.c **** }
 412              		.loc 1 103 1 is_stmt 0 view .LVU78
 413 001c 70BD     		pop	{r4, r5, r6, pc}
 414              		.loc 1 103 1 view .LVU79
 415              		.cfi_endproc
 416              	.LFE248:
 418              		.section	.text.MX25FLASH_Read_Sector,"ax",%progbits
 419              		.align	1
 420              		.global	MX25FLASH_Read_Sector
 421              		.syntax unified
 422              		.thumb
ARM GAS  C:\Users\kroko\AppData\Local\Temp\ccSlbNZB.s 			page 10


 423              		.thumb_func
 425              	MX25FLASH_Read_Sector:
 426              	.LVL30:
 427              	.LFB249:
 104:Core/Src/25flash.c **** 
 105:Core/Src/25flash.c **** void MX25FLASH_Read_Sector(uint32_t sector, uint8_t *data){
 428              		.loc 1 105 59 is_stmt 1 view -0
 429              		.cfi_startproc
 430              		@ args = 0, pretend = 0, frame = 0
 431              		@ frame_needed = 0, uses_anonymous_args = 0
 432              		.loc 1 105 59 is_stmt 0 view .LVU81
 433 0000 70B5     		push	{r4, r5, r6, lr}
 434              		.cfi_def_cfa_offset 16
 435              		.cfi_offset 4, -16
 436              		.cfi_offset 5, -12
 437              		.cfi_offset 6, -8
 438              		.cfi_offset 14, -4
 439 0002 0646     		mov	r6, r0
 440 0004 0D46     		mov	r5, r1
 106:Core/Src/25flash.c ****     for (uint32_t addr = 0; addr < 4096; addr++){
 441              		.loc 1 106 5 is_stmt 1 view .LVU82
 442              	.LBB3:
 443              		.loc 1 106 10 view .LVU83
 444              	.LVL31:
 445              		.loc 1 106 19 is_stmt 0 view .LVU84
 446 0006 0024     		movs	r4, #0
 447              		.loc 1 106 5 view .LVU85
 448 0008 05E0     		b	.L30
 449              	.LVL32:
 450              	.L31:
 107:Core/Src/25flash.c ****         data[addr] = MX25FLASH_Read(sector*0x1000+addr);
 451              		.loc 1 107 9 is_stmt 1 view .LVU86
 452              		.loc 1 107 22 is_stmt 0 view .LVU87
 453 000a 04EB0630 		add	r0, r4, r6, lsl #12
 454 000e FFF7FEFF 		bl	MX25FLASH_Read
 455              	.LVL33:
 456              		.loc 1 107 20 discriminator 1 view .LVU88
 457 0012 2855     		strb	r0, [r5, r4]
 106:Core/Src/25flash.c ****     for (uint32_t addr = 0; addr < 4096; addr++){
 458              		.loc 1 106 46 is_stmt 1 discriminator 3 view .LVU89
 459 0014 0134     		adds	r4, r4, #1
 460              	.LVL34:
 461              	.L30:
 106:Core/Src/25flash.c ****     for (uint32_t addr = 0; addr < 4096; addr++){
 462              		.loc 1 106 34 discriminator 1 view .LVU90
 463 0016 B4F5805F 		cmp	r4, #4096
 464 001a F6D3     		bcc	.L31
 465              	.LBE3:
 108:Core/Src/25flash.c ****     }
 109:Core/Src/25flash.c **** }
 466              		.loc 1 109 1 is_stmt 0 view .LVU91
 467 001c 70BD     		pop	{r4, r5, r6, pc}
 468              		.loc 1 109 1 view .LVU92
 469              		.cfi_endproc
 470              	.LFE249:
 472              		.section	.text.MX25FLASH_WFE,"ax",%progbits
 473              		.align	1
ARM GAS  C:\Users\kroko\AppData\Local\Temp\ccSlbNZB.s 			page 11


 474              		.global	MX25FLASH_WFE
 475              		.syntax unified
 476              		.thumb
 477              		.thumb_func
 479              	MX25FLASH_WFE:
 480              	.LFB250:
 110:Core/Src/25flash.c **** 
 111:Core/Src/25flash.c **** 
 112:Core/Src/25flash.c **** uint8_t MX25FLASH_WFE(void){
 481              		.loc 1 112 28 is_stmt 1 view -0
 482              		.cfi_startproc
 483              		@ args = 0, pretend = 0, frame = 8
 484              		@ frame_needed = 0, uses_anonymous_args = 0
 485 0000 30B5     		push	{r4, r5, lr}
 486              		.cfi_def_cfa_offset 12
 487              		.cfi_offset 4, -12
 488              		.cfi_offset 5, -8
 489              		.cfi_offset 14, -4
 490 0002 83B0     		sub	sp, sp, #12
 491              		.cfi_def_cfa_offset 24
 113:Core/Src/25flash.c ****     uint8_t cmd = 0x05;
 492              		.loc 1 113 5 view .LVU94
 493              		.loc 1 113 13 is_stmt 0 view .LVU95
 494 0004 0523     		movs	r3, #5
 495 0006 8DF80730 		strb	r3, [sp, #7]
 114:Core/Src/25flash.c **** 	uint32_t tmr = HAL_GetTick();
 496              		.loc 1 114 2 is_stmt 1 view .LVU96
 497              		.loc 1 114 17 is_stmt 0 view .LVU97
 498 000a FFF7FEFF 		bl	HAL_GetTick
 499              	.LVL35:
 500 000e 0546     		mov	r5, r0
 501              	.LVL36:
 502              	.L35:
 115:Core/Src/25flash.c ****     uint8_t status;
 503              		.loc 1 115 5 is_stmt 1 view .LVU98
 116:Core/Src/25flash.c ****     do {
 504              		.loc 1 116 5 view .LVU99
 117:Core/Src/25flash.c ****         FLASH_CS_LOW();
 505              		.loc 1 117 9 view .LVU100
 506 0010 114C     		ldr	r4, .L38
 507 0012 0022     		movs	r2, #0
 508 0014 1021     		movs	r1, #16
 509 0016 2046     		mov	r0, r4
 510 0018 FFF7FEFF 		bl	HAL_GPIO_WritePin
 511              	.LVL37:
 118:Core/Src/25flash.c ****         MX25FLASH_SPI_Write(&cmd, 1);
 512              		.loc 1 118 9 view .LVU101
 513 001c 0121     		movs	r1, #1
 514 001e 0DF10700 		add	r0, sp, #7
 515 0022 FFF7FEFF 		bl	MX25FLASH_SPI_Write
 516              	.LVL38:
 119:Core/Src/25flash.c ****         MX25FLASH_SPI_Read(&status, 1);
 517              		.loc 1 119 9 view .LVU102
 518 0026 0121     		movs	r1, #1
 519 0028 0DF10600 		add	r0, sp, #6
 520 002c FFF7FEFF 		bl	MX25FLASH_SPI_Read
 521              	.LVL39:
ARM GAS  C:\Users\kroko\AppData\Local\Temp\ccSlbNZB.s 			page 12


 120:Core/Src/25flash.c ****         FLASH_CS_HIGH();
 522              		.loc 1 120 9 view .LVU103
 523 0030 0122     		movs	r2, #1
 524 0032 1021     		movs	r1, #16
 525 0034 2046     		mov	r0, r4
 526 0036 FFF7FEFF 		bl	HAL_GPIO_WritePin
 527              	.LVL40:
 121:Core/Src/25flash.c **** 		if(HAL_GetTick() - tmr > FLASH_TIMEOUT){
 528              		.loc 1 121 3 view .LVU104
 529              		.loc 1 121 6 is_stmt 0 view .LVU105
 530 003a FFF7FEFF 		bl	HAL_GetTick
 531              	.LVL41:
 532              		.loc 1 121 20 discriminator 1 view .LVU106
 533 003e 401B     		subs	r0, r0, r5
 534              		.loc 1 121 5 discriminator 1 view .LVU107
 535 0040 B0F5FA7F 		cmp	r0, #500
 536 0044 05D8     		bhi	.L36
 122:Core/Src/25flash.c **** 			return FL_FAIL;
 123:Core/Src/25flash.c **** 		}
 124:Core/Src/25flash.c ****     } while (status & 0x01);  // Wait while WIP bit is set
 537              		.loc 1 124 14 is_stmt 1 view .LVU108
 538              		.loc 1 124 21 is_stmt 0 view .LVU109
 539 0046 9DF80600 		ldrb	r0, [sp, #6]	@ zero_extendqisi2
 540              		.loc 1 124 14 view .LVU110
 541 004a 10F00100 		ands	r0, r0, #1
 542 004e DFD1     		bne	.L35
 543 0050 00E0     		b	.L34
 544              	.L36:
 122:Core/Src/25flash.c **** 			return FL_FAIL;
 545              		.loc 1 122 11 view .LVU111
 546 0052 0120     		movs	r0, #1
 547              	.L34:
 125:Core/Src/25flash.c ****     return FL_OK;
 126:Core/Src/25flash.c **** }...
 548              		.loc 1 126 1 view .LVU112
 549 0054 03B0     		add	sp, sp, #12
 550              		.cfi_def_cfa_offset 12
 551              		@ sp needed
 552 0056 30BD     		pop	{r4, r5, pc}
 553              	.LVL42:
 554              	.L39:
 555              		.loc 1 126 1 view .LVU113
 556              		.align	2
 557              	.L38:
 558 0058 00080240 		.word	1073874944
 559              		.cfi_endproc
 560              	.LFE250:
 562              		.section	.text.MX25FLASH_Program_Page,"ax",%progbits
 563              		.align	1
 564              		.global	MX25FLASH_Program_Page
 565              		.syntax unified
 566              		.thumb
 567              		.thumb_func
 569              	MX25FLASH_Program_Page:
 570              	.LVL43:
 571              	.LFB244:
  46:Core/Src/25flash.c **** void MX25FLASH_Program_Page(uint16_t page, uint8_t data[256]){
ARM GAS  C:\Users\kroko\AppData\Local\Temp\ccSlbNZB.s 			page 13


 572              		.loc 1 46 62 is_stmt 1 view -0
 573              		.cfi_startproc
 574              		@ args = 0, pretend = 0, frame = 264
 575              		@ frame_needed = 0, uses_anonymous_args = 0
  46:Core/Src/25flash.c **** void MX25FLASH_Program_Page(uint16_t page, uint8_t data[256]){
 576              		.loc 1 46 62 is_stmt 0 view .LVU115
 577 0000 70B5     		push	{r4, r5, r6, lr}
 578              		.cfi_def_cfa_offset 16
 579              		.cfi_offset 4, -16
 580              		.cfi_offset 5, -12
 581              		.cfi_offset 6, -8
 582              		.cfi_offset 14, -4
 583 0002 C2B0     		sub	sp, sp, #264
 584              		.cfi_def_cfa_offset 280
 585 0004 0546     		mov	r5, r0
 586 0006 0E46     		mov	r6, r1
  47:Core/Src/25flash.c **** 	MX25FLASH_WE();
 587              		.loc 1 47 2 is_stmt 1 view .LVU116
 588 0008 FFF7FEFF 		bl	MX25FLASH_WE
 589              	.LVL44:
  48:Core/Src/25flash.c ****     uint8_t tData[260];
 590              		.loc 1 48 5 view .LVU117
  49:Core/Src/25flash.c **** 	uint32_t address = page * 0x100;
 591              		.loc 1 49 2 view .LVU118
  49:Core/Src/25flash.c **** 	uint32_t address = page * 0x100;
 592              		.loc 1 49 26 is_stmt 0 view .LVU119
 593 000c 2B02     		lsls	r3, r5, #8
 594              	.LVL45:
  50:Core/Src/25flash.c **** 	tData[0] = 0x02;
 595              		.loc 1 50 2 is_stmt 1 view .LVU120
  50:Core/Src/25flash.c **** 	tData[0] = 0x02;
 596              		.loc 1 50 11 is_stmt 0 view .LVU121
 597 000e 01AC     		add	r4, sp, #4
 598 0010 0222     		movs	r2, #2
 599 0012 8DF80420 		strb	r2, [sp, #4]
  51:Core/Src/25flash.c ****     tData[1] = (address >> 16) & 0xFF;  // Most significant byte
 600              		.loc 1 51 5 is_stmt 1 view .LVU122
  51:Core/Src/25flash.c ****     tData[1] = (address >> 16) & 0xFF;  // Most significant byte
 601              		.loc 1 51 25 is_stmt 0 view .LVU123
 602 0016 2A0A     		lsrs	r2, r5, #8
  51:Core/Src/25flash.c ****     tData[1] = (address >> 16) & 0xFF;  // Most significant byte
 603              		.loc 1 51 14 view .LVU124
 604 0018 8DF80520 		strb	r2, [sp, #5]
  52:Core/Src/25flash.c ****     tData[2] = (address >> 8) & 0xFF;
 605              		.loc 1 52 5 is_stmt 1 view .LVU125
  52:Core/Src/25flash.c ****     tData[2] = (address >> 8) & 0xFF;
 606              		.loc 1 52 14 is_stmt 0 view .LVU126
 607 001c 8DF80650 		strb	r5, [sp, #6]
  53:Core/Src/25flash.c ****     tData[3] = address & 0xFF;          // Least significant byte
 608              		.loc 1 53 5 is_stmt 1 view .LVU127
  53:Core/Src/25flash.c ****     tData[3] = address & 0xFF;          // Least significant byte
 609              		.loc 1 53 14 is_stmt 0 view .LVU128
 610 0020 8DF80730 		strb	r3, [sp, #7]
  54:Core/Src/25flash.c **** 	memcpy(&tData[4], data, 256); 
 611              		.loc 1 54 2 is_stmt 1 view .LVU129
 612 0024 4FF48072 		mov	r2, #256
 613 0028 3146     		mov	r1, r6
ARM GAS  C:\Users\kroko\AppData\Local\Temp\ccSlbNZB.s 			page 14


 614 002a 02A8     		add	r0, sp, #8
 615 002c FFF7FEFF 		bl	memcpy
 616              	.LVL46:
  55:Core/Src/25flash.c **** 	FLASH_CS_LOW();  // pull the CS LOW
 617              		.loc 1 55 2 view .LVU130
 618 0030 094D     		ldr	r5, .L42
 619              	.LVL47:
  55:Core/Src/25flash.c **** 	FLASH_CS_LOW();  // pull the CS LOW
 620              		.loc 1 55 2 is_stmt 0 view .LVU131
 621 0032 0022     		movs	r2, #0
 622 0034 1021     		movs	r1, #16
 623 0036 2846     		mov	r0, r5
 624 0038 FFF7FEFF 		bl	HAL_GPIO_WritePin
 625              	.LVL48:
  56:Core/Src/25flash.c ****     MX25FLASH_SPI_Write(tData, 260);
 626              		.loc 1 56 5 is_stmt 1 view .LVU132
 627 003c 4FF48271 		mov	r1, #260
 628 0040 2046     		mov	r0, r4
 629 0042 FFF7FEFF 		bl	MX25FLASH_SPI_Write
 630              	.LVL49:
  57:Core/Src/25flash.c **** 	FLASH_CS_HIGH();  // pull the HIGH
 631              		.loc 1 57 2 view .LVU133
 632 0046 0122     		movs	r2, #1
 633 0048 1021     		movs	r1, #16
 634 004a 2846     		mov	r0, r5
 635 004c FFF7FEFF 		bl	HAL_GPIO_WritePin
 636              	.LVL50:
  58:Core/Src/25flash.c **** 	MX25FLASH_WFE();
 637              		.loc 1 58 2 view .LVU134
 638 0050 FFF7FEFF 		bl	MX25FLASH_WFE
 639              	.LVL51:
  59:Core/Src/25flash.c **** }
 640              		.loc 1 59 1 is_stmt 0 view .LVU135
 641 0054 42B0     		add	sp, sp, #264
 642              		.cfi_def_cfa_offset 16
 643              		@ sp needed
 644 0056 70BD     		pop	{r4, r5, r6, pc}
 645              	.LVL52:
 646              	.L43:
  59:Core/Src/25flash.c **** }
 647              		.loc 1 59 1 view .LVU136
 648              		.align	2
 649              	.L42:
 650 0058 00080240 		.word	1073874944
 651              		.cfi_endproc
 652              	.LFE244:
 654              		.section	.text.MX25FLASH_Sector_Erase,"ax",%progbits
 655              		.align	1
 656              		.global	MX25FLASH_Sector_Erase
 657              		.syntax unified
 658              		.thumb
 659              		.thumb_func
 661              	MX25FLASH_Sector_Erase:
 662              	.LVL53:
 663              	.LFB246:
  68:Core/Src/25flash.c **** uint8_t MX25FLASH_Sector_Erase(uint32_t sector){
 664              		.loc 1 68 48 is_stmt 1 view -0
ARM GAS  C:\Users\kroko\AppData\Local\Temp\ccSlbNZB.s 			page 15


 665              		.cfi_startproc
 666              		@ args = 0, pretend = 0, frame = 8
 667              		@ frame_needed = 0, uses_anonymous_args = 0
  68:Core/Src/25flash.c **** uint8_t MX25FLASH_Sector_Erase(uint32_t sector){
 668              		.loc 1 68 48 is_stmt 0 view .LVU138
 669 0000 10B5     		push	{r4, lr}
 670              		.cfi_def_cfa_offset 8
 671              		.cfi_offset 4, -8
 672              		.cfi_offset 14, -4
 673 0002 82B0     		sub	sp, sp, #8
 674              		.cfi_def_cfa_offset 16
 675 0004 0446     		mov	r4, r0
  69:Core/Src/25flash.c **** 	MX25FLASH_WE();
 676              		.loc 1 69 2 is_stmt 1 view .LVU139
 677 0006 FFF7FEFF 		bl	MX25FLASH_WE
 678              	.LVL54:
  70:Core/Src/25flash.c ****     uint8_t cmd[4];
 679              		.loc 1 70 5 view .LVU140
  71:Core/Src/25flash.c ****     cmd[0] = 0x20;  // 4KB Sector Erase
 680              		.loc 1 71 5 view .LVU141
  71:Core/Src/25flash.c ****     cmd[0] = 0x20;  // 4KB Sector Erase
 681              		.loc 1 71 12 is_stmt 0 view .LVU142
 682 000a 2023     		movs	r3, #32
 683 000c 8DF80430 		strb	r3, [sp, #4]
  72:Core/Src/25flash.c ****     cmd[1] = (sector >> 16) & 0xFF;
 684              		.loc 1 72 5 is_stmt 1 view .LVU143
  72:Core/Src/25flash.c ****     cmd[1] = (sector >> 16) & 0xFF;
 685              		.loc 1 72 22 is_stmt 0 view .LVU144
 686 0010 230C     		lsrs	r3, r4, #16
  72:Core/Src/25flash.c ****     cmd[1] = (sector >> 16) & 0xFF;
 687              		.loc 1 72 12 view .LVU145
 688 0012 8DF80530 		strb	r3, [sp, #5]
  73:Core/Src/25flash.c ****     cmd[2] = (sector >> 8) & 0xFF;
 689              		.loc 1 73 5 is_stmt 1 view .LVU146
  73:Core/Src/25flash.c ****     cmd[2] = (sector >> 8) & 0xFF;
 690              		.loc 1 73 22 is_stmt 0 view .LVU147
 691 0016 230A     		lsrs	r3, r4, #8
  73:Core/Src/25flash.c ****     cmd[2] = (sector >> 8) & 0xFF;
 692              		.loc 1 73 12 view .LVU148
 693 0018 8DF80630 		strb	r3, [sp, #6]
  74:Core/Src/25flash.c ****     cmd[3] = sector & 0xFF;
 694              		.loc 1 74 5 is_stmt 1 view .LVU149
  74:Core/Src/25flash.c ****     cmd[3] = sector & 0xFF;
 695              		.loc 1 74 12 is_stmt 0 view .LVU150
 696 001c 8DF80740 		strb	r4, [sp, #7]
  76:Core/Src/25flash.c ****     FLASH_CS_LOW();
 697              		.loc 1 76 5 is_stmt 1 view .LVU151
 698 0020 094C     		ldr	r4, .L46
 699              	.LVL55:
  76:Core/Src/25flash.c ****     FLASH_CS_LOW();
 700              		.loc 1 76 5 is_stmt 0 view .LVU152
 701 0022 0022     		movs	r2, #0
 702 0024 1021     		movs	r1, #16
 703 0026 2046     		mov	r0, r4
 704 0028 FFF7FEFF 		bl	HAL_GPIO_WritePin
 705              	.LVL56:
  77:Core/Src/25flash.c ****     MX25FLASH_SPI_Write(cmd, 4);
ARM GAS  C:\Users\kroko\AppData\Local\Temp\ccSlbNZB.s 			page 16


 706              		.loc 1 77 5 is_stmt 1 view .LVU153
 707 002c 0421     		movs	r1, #4
 708 002e 0DEB0100 		add	r0, sp, r1
 709 0032 FFF7FEFF 		bl	MX25FLASH_SPI_Write
 710              	.LVL57:
  78:Core/Src/25flash.c ****     FLASH_CS_HIGH();
 711              		.loc 1 78 5 view .LVU154
 712 0036 0122     		movs	r2, #1
 713 0038 1021     		movs	r1, #16
 714 003a 2046     		mov	r0, r4
 715 003c FFF7FEFF 		bl	HAL_GPIO_WritePin
 716              	.LVL58:
  79:Core/Src/25flash.c **** 	return MX25FLASH_WFE();
 717              		.loc 1 79 2 view .LVU155
  79:Core/Src/25flash.c **** 	return MX25FLASH_WFE();
 718              		.loc 1 79 9 is_stmt 0 view .LVU156
 719 0040 FFF7FEFF 		bl	MX25FLASH_WFE
 720              	.LVL59:
  80:Core/Src/25flash.c **** }
 721              		.loc 1 80 1 view .LVU157
 722 0044 02B0     		add	sp, sp, #8
 723              		.cfi_def_cfa_offset 8
 724              		@ sp needed
 725 0046 10BD     		pop	{r4, pc}
 726              	.L47:
 727              		.align	2
 728              	.L46:
 729 0048 00080240 		.word	1073874944
 730              		.cfi_endproc
 731              	.LFE246:
 733              		.section	.text.MX25FLASH_Program_Sector,"ax",%progbits
 734              		.align	1
 735              		.global	MX25FLASH_Program_Sector
 736              		.syntax unified
 737              		.thumb
 738              		.thumb_func
 740              	MX25FLASH_Program_Sector:
 741              	.LVL60:
 742              	.LFB247:
  82:Core/Src/25flash.c **** uint8_t MX25FLASH_Program_Sector(uint32_t sector, uint8_t *data){
 743              		.loc 1 82 65 is_stmt 1 view -0
 744              		.cfi_startproc
 745              		@ args = 0, pretend = 0, frame = 264
 746              		@ frame_needed = 0, uses_anonymous_args = 0
  82:Core/Src/25flash.c **** uint8_t MX25FLASH_Program_Sector(uint32_t sector, uint8_t *data){
 747              		.loc 1 82 65 is_stmt 0 view .LVU159
 748 0000 2DE9F041 		push	{r4, r5, r6, r7, r8, lr}
 749              		.cfi_def_cfa_offset 24
 750              		.cfi_offset 4, -24
 751              		.cfi_offset 5, -20
 752              		.cfi_offset 6, -16
 753              		.cfi_offset 7, -12
 754              		.cfi_offset 8, -8
 755              		.cfi_offset 14, -4
 756 0004 C2B0     		sub	sp, sp, #264
 757              		.cfi_def_cfa_offset 288
 758 0006 8046     		mov	r8, r0
ARM GAS  C:\Users\kroko\AppData\Local\Temp\ccSlbNZB.s 			page 17


 759 0008 0F46     		mov	r7, r1
  83:Core/Src/25flash.c ****     MX25FLASH_WE();
 760              		.loc 1 83 5 is_stmt 1 view .LVU160
 761 000a FFF7FEFF 		bl	MX25FLASH_WE
 762              	.LVL61:
  84:Core/Src/25flash.c ****     for (uint8_t pg = 0; pg < 16; pg++){
 763              		.loc 1 84 5 view .LVU161
 764              	.LBB4:
  84:Core/Src/25flash.c ****     for (uint8_t pg = 0; pg < 16; pg++){
 765              		.loc 1 84 10 view .LVU162
  84:Core/Src/25flash.c ****     for (uint8_t pg = 0; pg < 16; pg++){
 766              		.loc 1 84 18 is_stmt 0 view .LVU163
 767 000e 0024     		movs	r4, #0
  84:Core/Src/25flash.c ****     for (uint8_t pg = 0; pg < 16; pg++){
 768              		.loc 1 84 5 view .LVU164
 769 0010 26E0     		b	.L49
 770              	.LVL62:
 771              	.L50:
 772              	.LBB5:
  85:Core/Src/25flash.c ****         uint8_t tData[260];
 773              		.loc 1 85 9 is_stmt 1 view .LVU165
  86:Core/Src/25flash.c ****         uint32_t address = sector*0x1000 + pg * 0x100;
 774              		.loc 1 86 9 view .LVU166
  86:Core/Src/25flash.c ****         uint32_t address = sector*0x1000 + pg * 0x100;
 775              		.loc 1 86 47 is_stmt 0 view .LVU167
 776 0012 2102     		lsls	r1, r4, #8
  86:Core/Src/25flash.c ****         uint32_t address = sector*0x1000 + pg * 0x100;
 777              		.loc 1 86 18 view .LVU168
 778 0014 01EB0833 		add	r3, r1, r8, lsl #12
 779              	.LVL63:
  87:Core/Src/25flash.c ****         tData[0] = 0x02;
 780              		.loc 1 87 9 is_stmt 1 view .LVU169
  87:Core/Src/25flash.c ****         tData[0] = 0x02;
 781              		.loc 1 87 18 is_stmt 0 view .LVU170
 782 0018 01AE     		add	r6, sp, #4
 783 001a 0222     		movs	r2, #2
 784 001c 8DF80420 		strb	r2, [sp, #4]
  88:Core/Src/25flash.c ****         tData[1] = (address >> 16) & 0xFF;  // Most significant byte
 785              		.loc 1 88 9 is_stmt 1 view .LVU171
  88:Core/Src/25flash.c ****         tData[1] = (address >> 16) & 0xFF;  // Most significant byte
 786              		.loc 1 88 29 is_stmt 0 view .LVU172
 787 0020 1A0C     		lsrs	r2, r3, #16
  88:Core/Src/25flash.c ****         tData[1] = (address >> 16) & 0xFF;  // Most significant byte
 788              		.loc 1 88 18 view .LVU173
 789 0022 8DF80520 		strb	r2, [sp, #5]
  89:Core/Src/25flash.c ****         tData[2] = (address >> 8) & 0xFF;
 790              		.loc 1 89 9 is_stmt 1 view .LVU174
  89:Core/Src/25flash.c ****         tData[2] = (address >> 8) & 0xFF;
 791              		.loc 1 89 29 is_stmt 0 view .LVU175
 792 0026 1A0A     		lsrs	r2, r3, #8
  89:Core/Src/25flash.c ****         tData[2] = (address >> 8) & 0xFF;
 793              		.loc 1 89 18 view .LVU176
 794 0028 8DF80620 		strb	r2, [sp, #6]
  90:Core/Src/25flash.c ****         tData[3] = address & 0xFF;          // Least significant byte
 795              		.loc 1 90 9 is_stmt 1 view .LVU177
  90:Core/Src/25flash.c ****         tData[3] = address & 0xFF;          // Least significant byte
 796              		.loc 1 90 18 is_stmt 0 view .LVU178
ARM GAS  C:\Users\kroko\AppData\Local\Temp\ccSlbNZB.s 			page 18


 797 002c 8DF80730 		strb	r3, [sp, #7]
  91:Core/Src/25flash.c ****         memcpy(&tData[4], &data[pg*256], 256); 
 798              		.loc 1 91 9 is_stmt 1 view .LVU179
 799 0030 4FF48072 		mov	r2, #256
 800 0034 3944     		add	r1, r1, r7
 801 0036 02A8     		add	r0, sp, #8
 802 0038 FFF7FEFF 		bl	memcpy
 803              	.LVL64:
  92:Core/Src/25flash.c ****         FLASH_CS_LOW();  // pull the CS LOW
 804              		.loc 1 92 9 view .LVU180
 805 003c 0C4D     		ldr	r5, .L52
 806 003e 0022     		movs	r2, #0
 807 0040 1021     		movs	r1, #16
 808 0042 2846     		mov	r0, r5
 809 0044 FFF7FEFF 		bl	HAL_GPIO_WritePin
 810              	.LVL65:
  93:Core/Src/25flash.c ****         MX25FLASH_SPI_Write(tData, 260);
 811              		.loc 1 93 9 view .LVU181
 812 0048 4FF48271 		mov	r1, #260
 813 004c 3046     		mov	r0, r6
 814 004e FFF7FEFF 		bl	MX25FLASH_SPI_Write
 815              	.LVL66:
  94:Core/Src/25flash.c ****         FLASH_CS_HIGH();  // pull the HIGH
 816              		.loc 1 94 9 view .LVU182
 817 0052 0122     		movs	r2, #1
 818 0054 1021     		movs	r1, #16
 819 0056 2846     		mov	r0, r5
 820 0058 FFF7FEFF 		bl	HAL_GPIO_WritePin
 821              	.LVL67:
 822              	.LBE5:
  84:Core/Src/25flash.c ****     for (uint8_t pg = 0; pg < 16; pg++){
 823              		.loc 1 84 37 discriminator 3 view .LVU183
 824 005c 0134     		adds	r4, r4, #1
 825              	.LVL68:
  84:Core/Src/25flash.c ****     for (uint8_t pg = 0; pg < 16; pg++){
 826              		.loc 1 84 37 is_stmt 0 discriminator 3 view .LVU184
 827 005e E4B2     		uxtb	r4, r4
 828              	.LVL69:
 829              	.L49:
  84:Core/Src/25flash.c ****     for (uint8_t pg = 0; pg < 16; pg++){
 830              		.loc 1 84 29 is_stmt 1 discriminator 1 view .LVU185
 831 0060 0F2C     		cmp	r4, #15
 832 0062 D6D9     		bls	.L50
 833              	.LBE4:
  96:Core/Src/25flash.c ****     return MX25FLASH_WFE();
 834              		.loc 1 96 5 view .LVU186
  96:Core/Src/25flash.c ****     return MX25FLASH_WFE();
 835              		.loc 1 96 12 is_stmt 0 view .LVU187
 836 0064 FFF7FEFF 		bl	MX25FLASH_WFE
 837              	.LVL70:
  97:Core/Src/25flash.c **** }
 838              		.loc 1 97 1 view .LVU188
 839 0068 42B0     		add	sp, sp, #264
 840              		.cfi_def_cfa_offset 24
 841              		@ sp needed
 842 006a BDE8F081 		pop	{r4, r5, r6, r7, r8, pc}
 843              	.LVL71:
ARM GAS  C:\Users\kroko\AppData\Local\Temp\ccSlbNZB.s 			page 19


 844              	.L53:
  97:Core/Src/25flash.c **** }
 845              		.loc 1 97 1 view .LVU189
 846 006e 00BF     		.align	2
 847              	.L52:
 848 0070 00080240 		.word	1073874944
 849              		.cfi_endproc
 850              	.LFE247:
 852              		.text
 853              	.Letext0:
 854              		.file 2 "C:/Program Files (x86)/Arm GNU Toolchain arm-none-eabi/14.2 rel1/arm-none-eabi/include/ma
 855              		.file 3 "C:/Program Files (x86)/Arm GNU Toolchain arm-none-eabi/14.2 rel1/arm-none-eabi/include/sy
 856              		.file 4 "Drivers/CMSIS/Device/ST/STM32F4xx/Include/stm32f405xx.h"
 857              		.file 5 "Drivers/STM32F4xx_HAL_Driver/Inc/stm32f4xx_hal_def.h"
 858              		.file 6 "Drivers/STM32F4xx_HAL_Driver/Inc/stm32f4xx_hal_gpio.h"
 859              		.file 7 "Drivers/STM32F4xx_HAL_Driver/Inc/stm32f4xx_hal_dma.h"
 860              		.file 8 "Drivers/STM32F4xx_HAL_Driver/Inc/stm32f4xx_hal_spi.h"
 861              		.file 9 "Drivers/STM32F4xx_HAL_Driver/Inc/stm32f4xx_hal.h"
 862              		.file 10 "C:/Program Files (x86)/Arm GNU Toolchain arm-none-eabi/14.2 rel1/arm-none-eabi/include/s
 863              		.file 11 "Core/Inc/25flash.h"
 864              		.file 12 "<built-in>"
ARM GAS  C:\Users\kroko\AppData\Local\Temp\ccSlbNZB.s 			page 20


DEFINED SYMBOLS
                            *ABS*:00000000 25flash.c
C:\Users\kroko\AppData\Local\Temp\ccSlbNZB.s:21     .text.MX25FLASH_SPI_Write:00000000 $t
C:\Users\kroko\AppData\Local\Temp\ccSlbNZB.s:27     .text.MX25FLASH_SPI_Write:00000000 MX25FLASH_SPI_Write
C:\Users\kroko\AppData\Local\Temp\ccSlbNZB.s:55     .text.MX25FLASH_SPI_Write:00000014 $d
C:\Users\kroko\AppData\Local\Temp\ccSlbNZB.s:60     .text.MX25FLASH_SPI_Read:00000000 $t
C:\Users\kroko\AppData\Local\Temp\ccSlbNZB.s:66     .text.MX25FLASH_SPI_Read:00000000 MX25FLASH_SPI_Read
C:\Users\kroko\AppData\Local\Temp\ccSlbNZB.s:95     .text.MX25FLASH_SPI_Read:00000014 $d
C:\Users\kroko\AppData\Local\Temp\ccSlbNZB.s:100    .text.MX25FLASH_Reset:00000000 $t
C:\Users\kroko\AppData\Local\Temp\ccSlbNZB.s:106    .text.MX25FLASH_Reset:00000000 MX25FLASH_Reset
C:\Users\kroko\AppData\Local\Temp\ccSlbNZB.s:157    .text.MX25FLASH_Reset:00000038 $d
C:\Users\kroko\AppData\Local\Temp\ccSlbNZB.s:162    .text.MX25FLASH_ReadID:00000000 $t
C:\Users\kroko\AppData\Local\Temp\ccSlbNZB.s:168    .text.MX25FLASH_ReadID:00000000 MX25FLASH_ReadID
C:\Users\kroko\AppData\Local\Temp\ccSlbNZB.s:228    .text.MX25FLASH_ReadID:0000004c $d
C:\Users\kroko\AppData\Local\Temp\ccSlbNZB.s:233    .text.MX25FLASH_Read:00000000 $t
C:\Users\kroko\AppData\Local\Temp\ccSlbNZB.s:239    .text.MX25FLASH_Read:00000000 MX25FLASH_Read
C:\Users\kroko\AppData\Local\Temp\ccSlbNZB.s:307    .text.MX25FLASH_Read:0000004c $d
C:\Users\kroko\AppData\Local\Temp\ccSlbNZB.s:312    .text.MX25FLASH_WE:00000000 $t
C:\Users\kroko\AppData\Local\Temp\ccSlbNZB.s:318    .text.MX25FLASH_WE:00000000 MX25FLASH_WE
C:\Users\kroko\AppData\Local\Temp\ccSlbNZB.s:360    .text.MX25FLASH_WE:00000030 $d
C:\Users\kroko\AppData\Local\Temp\ccSlbNZB.s:365    .text.MX25FLASH_Read_LogBlock:00000000 $t
C:\Users\kroko\AppData\Local\Temp\ccSlbNZB.s:371    .text.MX25FLASH_Read_LogBlock:00000000 MX25FLASH_Read_LogBlock
C:\Users\kroko\AppData\Local\Temp\ccSlbNZB.s:419    .text.MX25FLASH_Read_Sector:00000000 $t
C:\Users\kroko\AppData\Local\Temp\ccSlbNZB.s:425    .text.MX25FLASH_Read_Sector:00000000 MX25FLASH_Read_Sector
C:\Users\kroko\AppData\Local\Temp\ccSlbNZB.s:473    .text.MX25FLASH_WFE:00000000 $t
C:\Users\kroko\AppData\Local\Temp\ccSlbNZB.s:479    .text.MX25FLASH_WFE:00000000 MX25FLASH_WFE
C:\Users\kroko\AppData\Local\Temp\ccSlbNZB.s:558    .text.MX25FLASH_WFE:00000058 $d
C:\Users\kroko\AppData\Local\Temp\ccSlbNZB.s:563    .text.MX25FLASH_Program_Page:00000000 $t
C:\Users\kroko\AppData\Local\Temp\ccSlbNZB.s:569    .text.MX25FLASH_Program_Page:00000000 MX25FLASH_Program_Page
C:\Users\kroko\AppData\Local\Temp\ccSlbNZB.s:650    .text.MX25FLASH_Program_Page:00000058 $d
C:\Users\kroko\AppData\Local\Temp\ccSlbNZB.s:655    .text.MX25FLASH_Sector_Erase:00000000 $t
C:\Users\kroko\AppData\Local\Temp\ccSlbNZB.s:661    .text.MX25FLASH_Sector_Erase:00000000 MX25FLASH_Sector_Erase
C:\Users\kroko\AppData\Local\Temp\ccSlbNZB.s:729    .text.MX25FLASH_Sector_Erase:00000048 $d
C:\Users\kroko\AppData\Local\Temp\ccSlbNZB.s:734    .text.MX25FLASH_Program_Sector:00000000 $t
C:\Users\kroko\AppData\Local\Temp\ccSlbNZB.s:740    .text.MX25FLASH_Program_Sector:00000000 MX25FLASH_Program_Sector
C:\Users\kroko\AppData\Local\Temp\ccSlbNZB.s:848    .text.MX25FLASH_Program_Sector:00000070 $d

UNDEFINED SYMBOLS
HAL_SPI_Transmit
hspi1
HAL_SPI_Receive
HAL_GPIO_WritePin
HAL_Delay
HAL_GetTick
memcpy
